<?xml version="1.0" encoding="UTF-8" ?>
<testsuites errors="2"
            failures="0"
            tests="4">

  <testsuite name="leavelab"
    errors="2" failures="0" hostname="" id="" package="leavelab" skipped="0"
    tests="4" time="84.82" timestamp="">
  
    <testcase name="Creating a Company" classname="leavelab" time="31.91" assertions="6">

    

    

    

    

    

    
    </testcase>
  
    <testcase name="Create department" classname="leavelab" time="9.200" assertions="3">

    

    

    
    </testcase>
  
    <testcase name="Create Employee" classname="leavelab" time="22.52" assertions="4">

    

    

    

    
    </testcase>
  
    <testcase name="Request a leave and Approved using new account created" classname="leavelab" time="21.19" assertions="6">

    

    

    

    

    

    
      <error message="An error occurred while running .setValue() command on &lt;Element [name=@leaveReason]&gt;:   (Session info: headless chrome=80.0.3987.149),  (Driver info: chromedriver=80.0.3987.106 (f68069574609230cf9b635cd784cfb1bf81bb53a-refs/branch-heads/3987@{#882}),platform=Linux 5.3.0-51-generic x86_64); element not interactable" type="error">TimeoutError: An error occurred while running .setValue() command on &lt;Element [name=@leaveReason]&gt;:   (Session info: headless chrome=80.0.3987.149),  (Driver info: chromedriver=80.0.3987.106 (f68069574609230cf9b635cd784cfb1bf81bb53a-refs/branch-heads/3987@{#882}),platform=Linux 5.3.0-51-generic x86_64); element not interactable
    at Function.getError (/home/gbobilles/Desktop/nightwatch/node_modules/nightwatch/lib/utils/periodic-promise.js:157:12)
    at PeriodicPromise.perform (/home/gbobilles/Desktop/nightwatch/node_modules/nightwatch/lib/utils/periodic-promise.js:109:27)
    at process._tickCallback (internal/process/next_tick.js:68:7)</error>
    
    </testcase>
  

  
    <system-err>
      [0;31m  TimeoutError: An error occurred while running .click() command on &lt;Element [name=@leaveReason]&gt;:   (Session info: headless chrome=80.0.3987.149),  (Driver info: chromedriver=80.0.3987.106 (f68069574609230cf9b635cd784cfb1bf81bb53a-refs/branch-heads/3987@{#882}),platform=Linux 5.3.0-51-generic x86_64); element not interactable
   {&#34;status&#34;:-1,&#34;state&#34;:&#34;&#34;,&#34;value&#34;:{&#34;message&#34;:&#34;element not interactable&#34;,&#34;error&#34;:[&#34;  (Session info: headless chrome=80.0.3987.149)&#34;,&#34;  (Driver info: chromedriver=80.0.3987.106 (f68069574609230cf9b635cd784cfb1bf81bb53a-refs/branch-heads/3987@{#882}),platform=Linux 5.3.0-51-generic x86_64)&#34;]},&#34;errorStatus&#34;:11,&#34;error&#34;:&#34;element not interactable&#34;,&#34;httpStatusCode&#34;:200}[0m
[0;90m       at process._tickCallback (internal/process/next_tick.js:68:7)[0m
[0;31m  TimeoutError: An error occurred while running .setValue() command on &lt;Element [name=@leaveReason]&gt;:   (Session info: headless chrome=80.0.3987.149),  (Driver info: chromedriver=80.0.3987.106 (f68069574609230cf9b635cd784cfb1bf81bb53a-refs/branch-heads/3987@{#882}),platform=Linux 5.3.0-51-generic x86_64); element not interactable
   {&#34;status&#34;:-1,&#34;state&#34;:&#34;&#34;,&#34;value&#34;:{&#34;message&#34;:&#34;element not interactable&#34;,&#34;error&#34;:[&#34;  (Session info: headless chrome=80.0.3987.149)&#34;,&#34;  (Driver info: chromedriver=80.0.3987.106 (f68069574609230cf9b635cd784cfb1bf81bb53a-refs/branch-heads/3987@{#882}),platform=Linux 5.3.0-51-generic x86_64)&#34;]},&#34;errorStatus&#34;:60,&#34;error&#34;:&#34;element not interactable&#34;,&#34;httpStatusCode&#34;:200}[0m
[0;90m       at process._tickCallback (internal/process/next_tick.js:68:7)[0m
    </system-err>
  

  
  </testsuite>
</testsuites>
