<?xml version="1.0" encoding="UTF-8" ?>
<testsuites errors="4"
            failures="0"
            tests="1">

  <testsuite name="test"
    errors="4" failures="0" hostname="" id="" package="test" skipped="0"
    tests="1" time="55.52" timestamp="">
  
    <testcase name="weekly-floor-report" classname="test" time="55.52" assertions="1">

    
      <error message="An error occurred while running .click() command on &lt;Element [name=@radio_work_cooperatively_editor]&gt;:   (Session info: chrome=80.0.3987.149),  (Driver info: chromedriver=80.0.3987.106 (f68069574609230cf9b635cd784cfb1bf81bb53a-refs/branch-heads/3987@{#882}),platform=Linux 5.3.0-42-generic x86_64); element click intercepted: Element &lt;div contenteditable=&#34;true&#34; tabindex=&#34;0&#34; class=&#34;ProseMirror&#34;&gt;...&lt;/div&gt; is not clickable at point (569, 31). Other element would receive the click: &lt;nav data-v-61a86c81=&#34;&#34; class=&#34;nav navbar-nav&#34;&gt;...&lt;/nav&gt;" type="error">TimeoutError: An error occurred while running .click() command on &lt;Element [name=@radio_work_cooperatively_editor]&gt;:   (Session info: chrome=80.0.3987.149),  (Driver info: chromedriver=80.0.3987.106 (f68069574609230cf9b635cd784cfb1bf81bb53a-refs/branch-heads/3987@{#882}),platform=Linux 5.3.0-42-generic x86_64); element click intercepted: Element &lt;div contenteditable=&#34;true&#34; tabindex=&#34;0&#34; class=&#34;ProseMirror&#34;&gt;...&lt;/div&gt; is not clickable at point (569, 31). Other element would receive the click: &lt;nav data-v-61a86c81=&#34;&#34; class=&#34;nav navbar-nav&#34;&gt;...&lt;/nav&gt;
    at Function.getError (/home/gbobilles/Desktop/nightwatch/node_modules/nightwatch/lib/utils/periodic-promise.js:157:12)
    at PeriodicPromise.perform (/home/gbobilles/Desktop/nightwatch/node_modules/nightwatch/lib/utils/periodic-promise.js:109:27)
    at process._tickCallback (internal/process/next_tick.js:68:7)</error>
    
    </testcase>
  

  
    <system-err>
      [0;31m  TypeError: page.element is not a function
   - writing an ES6 async test case? - keep in mind that commands return a Promise; 
   - writing unit tests? - make sure to specify &#34;unit_tests_mode=true&#34; in your config.[0m
[0;90m       at Page.PerformanceEval (/home/gbobilles/Desktop/nightwatch/page-objects/RockPO.js:156:20)
       at Object.weekly-floor-report (/home/gbobilles/Desktop/nightwatch/tests/test.js:13:14)
       at process._tickCallback (internal/process/next_tick.js:68:7)[0m
[0;31m  NoSuchElementError: An error occurred while running .click() command on &lt;Element [name=@startDate]&gt;: undefined; undefined
   {&#34;sessionId&#34;:&#34;6dae2a61b17d12fce1033acfc24fd705&#34;,&#34;status&#34;:0,&#34;value&#34;:[]}[0m
[0;90m       at process._tickCallback (internal/process/next_tick.js:68:7)[0m
[0;31m  TimeoutError: An error occurred while running .click() command on &lt;Element [name=@radio_work_cooperatively_radio]&gt;:   (Session info: chrome=80.0.3987.149),  (Driver info: chromedriver=80.0.3987.106 (f68069574609230cf9b635cd784cfb1bf81bb53a-refs/branch-heads/3987@{#882}),platform=Linux 5.3.0-42-generic x86_64); element click intercepted: Element &lt;span&gt;...&lt;/span&gt; is not clickable at point (1381, 9). Other element would receive the click: &lt;nav data-v-61a86c81=&#34;&#34; class=&#34;nav navbar-nav&#34;&gt;...&lt;/nav&gt;
   {&#34;status&#34;:-1,&#34;state&#34;:&#34;&#34;,&#34;value&#34;:{&#34;message&#34;:&#34;element click intercepted: Element &lt;span&gt;...&lt;/span&gt; is not clickable at point (1381, 9). Other element would receive the click: &lt;nav data-v-61a86c81=\&#34;\&#34; class=\&#34;nav navbar-nav\&#34;&gt;...&lt;/nav&gt;&#34;,&#34;error&#34;:[&#34;  (Session info: chrome=80.0.3987.149)&#34;,&#34;  (Driver info: chromedriver=80.0.3987.106 (f68069574609230cf9b635cd784cfb1bf81bb53a-refs/branch-heads/3987@{#882}),platform=Linux 5.3.0-42-generic x86_64)&#34;]},&#34;errorStatus&#34;:64,&#34;error&#34;:&#34;element click intercepted: Element &lt;span&gt;...&lt;/span&gt; is not clickable at point (1381, 9). Other element would receive the click: &lt;nav data-v-61a86c81=\&#34;\&#34; class=\&#34;nav navbar-nav\&#34;&gt;...&lt;/nav&gt;&#34;,&#34;httpStatusCode&#34;:200}[0m
[0;90m       at process._tickCallback (internal/process/next_tick.js:68:7)[0m
[0;31m  TimeoutError: An error occurred while running .click() command on &lt;Element [name=@radio_work_cooperatively_editor]&gt;:   (Session info: chrome=80.0.3987.149),  (Driver info: chromedriver=80.0.3987.106 (f68069574609230cf9b635cd784cfb1bf81bb53a-refs/branch-heads/3987@{#882}),platform=Linux 5.3.0-42-generic x86_64); element click intercepted: Element &lt;div contenteditable=&#34;true&#34; tabindex=&#34;0&#34; class=&#34;ProseMirror&#34;&gt;...&lt;/div&gt; is not clickable at point (569, 31). Other element would receive the click: &lt;nav data-v-61a86c81=&#34;&#34; class=&#34;nav navbar-nav&#34;&gt;...&lt;/nav&gt;
   {&#34;status&#34;:-1,&#34;state&#34;:&#34;&#34;,&#34;value&#34;:{&#34;message&#34;:&#34;element click intercepted: Element &lt;div contenteditable=\&#34;true\&#34; tabindex=\&#34;0\&#34; class=\&#34;ProseMirror\&#34;&gt;...&lt;/div&gt; is not clickable at point (569, 31). Other element would receive the click: &lt;nav data-v-61a86c81=\&#34;\&#34; class=\&#34;nav navbar-nav\&#34;&gt;...&lt;/nav&gt;&#34;,&#34;error&#34;:[&#34;  (Session info: chrome=80.0.3987.149)&#34;,&#34;  (Driver info: chromedriver=80.0.3987.106 (f68069574609230cf9b635cd784cfb1bf81bb53a-refs/branch-heads/3987@{#882}),platform=Linux 5.3.0-42-generic x86_64)&#34;]},&#34;errorStatus&#34;:64,&#34;error&#34;:&#34;element click intercepted: Element &lt;div contenteditable=\&#34;true\&#34; tabindex=\&#34;0\&#34; class=\&#34;ProseMirror\&#34;&gt;...&lt;/div&gt; is not clickable at point (569, 31). Other element would receive the click: &lt;nav data-v-61a86c81=\&#34;\&#34; class=\&#34;nav navbar-nav\&#34;&gt;...&lt;/nav&gt;&#34;,&#34;httpStatusCode&#34;:200}[0m
[0;90m       at process._tickCallback (internal/process/next_tick.js:68:7)[0m
    </system-err>
  

  
  </testsuite>
</testsuites>
