<?xml version="1.0" encoding="UTF-8" ?>
<testsuites errors="0"
            failures="0"
            tests="1">

  <testsuite name="customLeavelab"
    errors="0" failures="0" hostname="" id="" package="customLeavelab" skipped="0"
    tests="1" time="68.12" timestamp="">
  
    <testcase name="Create Company" classname="customLeavelab" time="68.12" assertions="13">

    

    

    

    

    

    

    

    

    

    

    

    

    
    </testcase>
  

  

  
  </testsuite>
</testsuites>
