<?xml version="1.0" encoding="UTF-8" ?>
<testsuites errors="1"
            failures="0"
            tests="0">

  <testsuite name="leavelab"
    errors="1" failures="0" hostname="" id="" package="leavelab" skipped="4"
    tests="0" time="0.000" timestamp="">
  

  
    <system-err>
      [0;31m  Error: An error occurred while retrieving a new session: &#34;session not created: This version of ChromeDriver only supports Chrome version 81&#34;[0m
[0;90m       at endReadableNT (_stream_readable.js:1103:12)
       at process._tickCallback (internal/process/next_tick.js:63:19)[0m
    </system-err>
  

  
    
    <testcase
      name="Creating a Company" classname="leavelab">
      <skipped />
    </testcase>
    
    <testcase
      name="Create department" classname="leavelab">
      <skipped />
    </testcase>
    
    <testcase
      name="Create Employee" classname="leavelab">
      <skipped />
    </testcase>
    
    <testcase
      name="Create Leave Request" classname="leavelab">
      <skipped />
    </testcase>
    
  
  </testsuite>
</testsuites>
